
Namespace(nx=100, dt=0.008, umax=0.3, vel=1.0, vprime=0.3, re=80.0, theta=0.5, sigmab_2=0.01, sigmar_2=0.001, sigmaq_2=0.0001, Btype='diffusion', Bm=4, L_b=0.2, lim_b=0.99, Qtype='diffusion', Qm=2, L_q=0.05, lim_q=0.96, nw=20, obs_freq=5, nx_obs=20, degree=1, seed=13, lits=-1, pc='saddle', reaction=False, saddle=False, taylor_test=False, plot_vtk=True, logdir='logs/saddle_Linv_Pu', show_args=True)

Other command line options:
['-tao_gttol', '1e-3', '-tao_nls_ksp_rtol', '1e-3', '-tao_nls_wcsaddle_ksp_rtol', '1e-3', '-tao_nls_wcsaddle_pc_fieldsplit_schur_fact_type', 'upper']

nx=100 | nw=20 | Nt=100 | Tend=8.00e-01 | Tob=4.00e-02 | cfl=8.00e-01
float(kappa)=5.00e-03 | cfl_nu=5.00e+01 | float(lamda)=7.08e-02
float(kappa)=6.25e-04 | cfl_nu=6.25e+00 | float(lamda)=7.08e-04

norm(background) = 1.814e-01 | norm(reference_ic) = 2.121e-01
np.mean(bkgdat) = 8.059e-02 | np.mean(icdat) = 8.847e-18
np.min(bkgdat) = -1.661e-01 | np.max(bkgdat) = 3.259e-01

  0 TAO,  Function value: 246.549,  Residual: 4490.03 
    Residual norms for tao_nls_ solve.
    0 KSP none resid norm 3.491466898106e+02 true resid norm 3.491466898106e+02 ||r(i)||/||b|| 1.000000000000e+00
      Residual norms for tao_nls_wcsaddle_ solve.
      0 KSP preconditioned resid norm 1.867638226923e+02 true resid norm 2.620840835933e+00 ||r(i)||/||b|| inf
      1 KSP preconditioned resid norm 9.170279277945e+01 true resid norm 3.838189755186e+00 ||r(i)||/||b|| inf
      2 KSP preconditioned resid norm 6.175042293864e+01 true resid norm 6.603863646773e+00 ||r(i)||/||b|| inf
      3 KSP preconditioned resid norm 5.899837006966e+01 true resid norm 7.442153922112e+00 ||r(i)||/||b|| inf
      4 KSP preconditioned resid norm 5.438227952724e+01 true resid norm 1.060588256498e+01 ||r(i)||/||b|| inf
      5 KSP preconditioned resid norm 2.380950200421e+01 true resid norm 1.840019476644e+01 ||r(i)||/||b|| inf
      6 KSP preconditioned resid norm 8.813614188604e+00 true resid norm 4.556328586366e+00 ||r(i)||/||b|| inf
      7 KSP preconditioned resid norm 3.500210795382e-01 true resid norm 2.704318022614e-01 ||r(i)||/||b|| inf
      8 KSP preconditioned resid norm 1.254258527790e-02 true resid norm 9.611704771959e-03 ||r(i)||/||b|| inf
    Linear tao_nls_wcsaddle_ solve converged due to CONVERGED_RTOL iterations 8 res rate 0.368248 R^2 0.754983
    1 KSP none resid norm 1.920757889527e-02 true resid norm 1.920757889527e-02 ||r(i)||/||b|| 5.501291994403e-05
  1 TAO,  Function value: 22.2342,  Residual: 0.244281 
  TAO solve converged due to CONVERGED_GTTOL iterations 1

Jhat.Jmodel(truth) = 4.0181e+02
Jhat.Jobservations(truth) = 1.3641e+01
Jhat(truth) = 4.1545e+02

Jhat.Jmodel(prior) = 0.0000e+00
Jhat.Jobservations(prior) = 2.4655e+02
Jhat(prior) = 2.4655e+02

Jhat.Jmodel(xopt) = 7.6481e+00
Jhat.Jobservations(xopt) = 1.4586e+01
Jhat(xopt) = 2.2234e+01

norm(truth_ic) = 2.121e-01 | norm(truth_end) = 4.181e-01
norm(prior_ic) = 1.814e-01 | norm(prior_end) = 3.786e-01
norm(xopts_ic) = 2.146e-01 | norm(xopts_end) = 4.151e-01
errornorm(prior_ic, xopts_ic)/norm(prior_ic) = 7.327e-01
errornorm(truth_ic, prior_ic)/norm(truth_ic) = 6.350e-01
errornorm(truth_ic, xopts_ic)/norm(truth_ic) = 6.866e-02
errornorm(prior_end, xopts_end)/norm(prior_end) = 2.854e-01
errornorm(truth_end, prior_end)/norm(truth_end) = 2.594e-01
errornorm(truth_end, xopts_end)/norm(truth_end) = 1.335e-02

elapsed time: 1936.06s
